This is pdfTeX, Version 3.1415926-1.40.10 (TeX Live 2009/Debian) (format=pdflatex 2011.4.5)  27 MAY 2011 08:30
entering extended mode
 %&-line parsing enabled.
**service-ctrl.tex
(./service-ctrl.tex
LaTeX2e <2009/09/24>
Babel <v3.8l> and hyphenation patterns for english, usenglishmax, dumylang, noh
yphenation, loaded.
(/usr/share/texmf-texlive/tex/latex/base/article.cls
Document Class: article 2007/10/19 v1.4h Standard LaTeX document class
(/usr/share/texmf-texlive/tex/latex/base/size10.clo
File: size10.clo 2007/10/19 v1.4h Standard LaTeX file (size option)
)
\c@part=\count79
\c@section=\count80
\c@subsection=\count81
\c@subsubsection=\count82
\c@paragraph=\count83
\c@subparagraph=\count84
\c@figure=\count85
\c@table=\count86
\abovecaptionskip=\skip41
\belowcaptionskip=\skip42
\bibindent=\dimen102
)
(/usr/share/texmf-texlive/tex/latex/setspace/setspace.sty
Package: setspace 2000/12/01 6.7 Contributed and Supported LaTeX2e package

Package: `setspace' 6.7 <2000/12/01>
) (/usr/share/texmf-texlive/tex/latex/graphics/graphicx.sty
Package: graphicx 1999/02/16 v1.0f Enhanced LaTeX Graphics (DPC,SPQR)

(/usr/share/texmf-texlive/tex/latex/graphics/keyval.sty
Package: keyval 1999/03/16 v1.13 key=value parser (DPC)
\KV@toks@=\toks14
)
(/usr/share/texmf-texlive/tex/latex/graphics/graphics.sty
Package: graphics 2009/02/05 v1.0o Standard LaTeX Graphics (DPC,SPQR)

(/usr/share/texmf-texlive/tex/latex/graphics/trig.sty
Package: trig 1999/03/16 v1.09 sin cos tan (DPC)
)
(/etc/texmf/tex/latex/config/graphics.cfg
File: graphics.cfg 2009/08/28 v1.8 graphics configuration of TeX Live
)
Package graphics Info: Driver file: pdftex.def on input line 91.

(/usr/share/texmf-texlive/tex/latex/pdftex-def/pdftex.def
File: pdftex.def 2009/08/25 v0.04m Graphics/color for pdfTeX
\Gread@gobject=\count87
))
\Gin@req@height=\dimen103
\Gin@req@width=\dimen104
)

LaTeX Warning: Unused global option(s):
    [conference].

(./service-ctrl.aux

LaTeX Warning: Label `fig:RuntimeView' multiply defined.

)
\openout1 = `service-ctrl.aux'.

LaTeX Font Info:    Checking defaults for OML/cmm/m/it on input line 29.
LaTeX Font Info:    ... okay on input line 29.
LaTeX Font Info:    Checking defaults for T1/cmr/m/n on input line 29.
LaTeX Font Info:    ... okay on input line 29.
LaTeX Font Info:    Checking defaults for OT1/cmr/m/n on input line 29.
LaTeX Font Info:    ... okay on input line 29.
LaTeX Font Info:    Checking defaults for OMS/cmsy/m/n on input line 29.
LaTeX Font Info:    ... okay on input line 29.
LaTeX Font Info:    Checking defaults for OMX/cmex/m/n on input line 29.
LaTeX Font Info:    ... okay on input line 29.
LaTeX Font Info:    Checking defaults for U/cmr/m/n on input line 29.
LaTeX Font Info:    ... okay on input line 29.
 (/usr/share/texmf-texlive/tex/context/base/supp-pdf.mkii
[Loading MPS to PDF converter (version 2006.09.02).]
\scratchcounter=\count88
\scratchdimen=\dimen105
\scratchbox=\box26
\nofMPsegments=\count89
\nofMParguments=\count90
\everyMPshowfont=\toks15
\MPscratchCnt=\count91
\MPscratchDim=\dimen106
\MPnumerator=\count92
\everyMPtoPDFconversion=\toks16
)
LaTeX Font Info:    External font `cmex10' loaded for size
(Font)              <12> on input line 31.
LaTeX Font Info:    External font `cmex10' loaded for size
(Font)              <8> on input line 31.
LaTeX Font Info:    External font `cmex10' loaded for size
(Font)              <6> on input line 31.
LaTeX Font Info:    Try loading font information for OMS+cmtt on input line 31.

LaTeX Font Info:    No file OMScmtt.fd. on input line 31.


LaTeX Font Warning: Font shape `OMS/cmtt/m/n' undefined
(Font)              using `OMS/cmsy/m/n' instead
(Font)              for symbol `textbraceleft' on input line 31.


Overfull \hbox (8.67427pt too wide) in paragraph at lines 31--31
 [][] 
 []

(./content/abstract.tex) (./content/introduction.tex [1

{/var/lib/texmf/fonts/map/pdftex/updmap/pdftex.map}] [2]

LaTeX Warning: Reference `sec:single' on page 3 undefined on input line 13.


LaTeX Warning: Reference `sec:singleUm' on page 3 undefined on input line 13.


LaTeX Warning: Reference `sec:multiple' on page 3 undefined on input line 13.


Overfull \hbox (6.0562pt too wide) in paragraph at lines 16--17
\OT1/cmr/m/n/10 Cloud com-put-ing is emerg-ing as the fu-ture of util-ity sys-t
ems host-ing for consumer-
 []


LaTeX Warning: Citation `BuYeVeBrBr:09' on page 3 undefined on input line 18.

[3]) (./content/analysis.tex

LaTeX Warning: Citation `ctrl:amazon-sla' on page 4 undefined on input line 2.


LaTeX Warning: Citation `ctrl:rackspace-sla' on page 4 undefined on input line 
2.

[4]

LaTeX Warning: Citation `ctrl:google-arch' on page 5 undefined on input line 5.



LaTeX Warning: Citation `ctrl:amazon-best-practice' on page 5 undefined on inpu
t line 5.


LaTeX Warning: Citation `ctrl:amazon-fault-tolerant' on page 5 undefined on inp
ut line 5.


LaTeX Warning: Citation `ctrl:amazon-cloud-watch' on page 5 undefined on input 
line 7.


LaTeX Warning: Citation `ctrl:amazon-auto-scale' on page 5 undefined on input l
ine 7.

<./images/blank.jpg, id=22, 303.1325pt x 78.2925pt>
File: ./images/blank.jpg Graphic file (type jpg)
 <use ./images/blank.jpg>
[5 <./images/blank.jpg>]
File: ./images/blank.jpg Graphic file (type jpg)
 <use ./images/blank.jpg>) (./content/control.tex)
(./content/conclusion.tex) (./content/references.tex (./service-ctrl.bbl
[6] [7]
LaTeX Font Info:    External font `cmex10' loaded for size
(Font)              <7> on input line 49.
LaTeX Font Info:    External font `cmex10' loaded for size
(Font)              <5> on input line 49.
 [8] [9])) [10] (./service-ctrl.aux)

LaTeX Font Warning: Some font shapes were not available, defaults substituted.


LaTeX Warning: There were undefined references.


LaTeX Warning: There were multiply-defined labels.

 ) 
Here is how much of TeX's memory you used:
 1028 strings out of 495061
 13191 string characters out of 1182622
 64112 words of memory out of 3000000
 4217 multiletter control sequences out of 15000+50000
 9577 words of font info for 34 fonts, out of 3000000 for 9000
 28 hyphenation exceptions out of 8191
 25i,7n,23p,1721b,318s stack positions out of 5000i,500n,10000p,200000b,50000s
</usr/share/texmf-texlive/fonts/type1/public/amsfonts/cm/cmbx10.pfb></usr/sha
re/texmf-texlive/fonts/type1/public/amsfonts/cm/cmbx12.pfb></usr/share/texmf-te
xlive/fonts/type1/public/amsfonts/cm/cmbx9.pfb></usr/share/texmf-texlive/fonts/
type1/public/amsfonts/cm/cmmi7.pfb></usr/share/texmf-texlive/fonts/type1/public
/amsfonts/cm/cmr10.pfb></usr/share/texmf-texlive/fonts/type1/public/amsfonts/cm
/cmr12.pfb></usr/share/texmf-texlive/fonts/type1/public/amsfonts/cm/cmr9.pfb></
usr/share/texmf-texlive/fonts/type1/public/amsfonts/cm/cmsy9.pfb></usr/share/te
xmf-texlive/fonts/type1/public/amsfonts/cm/cmti10.pfb></usr/share/texmf-texlive
/fonts/type1/public/amsfonts/cm/cmtt9.pfb>
Output written on service-ctrl.pdf (10 pages, 160562 bytes).
PDF statistics:
 76 PDF objects out of 1000 (max. 8388607)
 0 named destinations out of 1000 (max. 500000)
 6 words of extra memory for PDF output out of 10000 (max. 10000000)

